2025-04-10 16:43:06 INFO  TC1_AccountRegistrationTest:15 -
			Starting TC1_AccountRegistrationTest...
2025-04-10 16:43:06 INFO  TC1_AccountRegistrationTest:20 -
			Clicking MyAccount...
2025-04-10 16:43:06 INFO  TC1_AccountRegistrationTest:23 -
			Clicking Registration Page...
2025-04-10 16:43:07 INFO  TC1_AccountRegistrationTest:28 -
			providing persolan details...
2025-04-10 16:43:08 INFO  TC1_AccountRegistrationTest:43 -
			Clicking Continue button...
2025-04-10 16:43:09 INFO  TC1_AccountRegistrationTest:46 -
			Validating Expected massage...
2025-04-10 16:43:09 INFO  TC1_AccountRegistrationTest:52 -
			Test Passed...
2025-04-10 16:43:09 INFO  TC1_AccountRegistrationTest:61 -
			Finished TC1_AccountRegistrationTest...
2025-04-10 16:43:15 INFO  TC2_LoginTest:16 -
			Starting of TC2_LoginTest...
2025-04-10 16:43:16 INFO  TC2_LoginTest:23 -
			Clicked on My Account link in Home Page..
2025-04-10 16:43:16 INFO  TC2_LoginTest:25 -
			Clicked on Login link under MyAccount...
2025-04-10 16:43:16 INFO  TC2_LoginTest:29 -
			Providing Details...
2025-04-10 16:43:17 INFO  TC2_LoginTest:33 -
			Clicked on Login link under Login Page...
2025-04-10 16:43:18 INFO  TC2_LoginTest:45 -
			Finishing of TC2_LoginTest...
